Starting containerd...
time="2025-07-10T11:48:30+08:00" level=warning msg="deprecated version : `1`, please switch to version `2`"
time="2025-07-10T11:48:30.354650027+08:00" level=info msg="starting containerd" revision=8e9ba8376ec25a6158719118a97a99a3555d0fd8 version=v1.5.0
time="2025-07-10T11:48:30.363976089+08:00" level=info msg="loading plugin \"io.containerd.content.v1.content\"..." type=io.containerd.content.v1
time="2025-07-10T11:48:30.364029925+08:00" level=info msg="loading plugin \"io.containerd.snapshotter.v1.aufs\"..." type=io.containerd.snapshotter.v1
time="2025-07-10T11:48:30.365333195+08:00" level=info msg="skip loading plugin \"io.containerd.snapshotter.v1.aufs\"..." error="aufs is not supported (modprobe aufs failed: exit status 1 \"modprobe: FATAL: Module aufs not found in directory /lib/modules/5.14.0-427.33.1.vz9.72.5\\n\"): skip plugin" type=io.containerd.snapshotter.v1
time="2025-07-10T11:48:30.365343687+08:00" level=info msg="loading plugin \"io.containerd.snapshotter.v1.btrfs\"..." type=io.containerd.snapshotter.v1
time="2025-07-10T11:48:30.365411102+08:00" level=info msg="skip loading plugin \"io.containerd.snapshotter.v1.btrfs\"..." error="path /var/lib/docker/containerd/daemon/io.containerd.snapshotter.v1.btrfs (ext4) must be a btrfs filesystem to be used with the btrfs snapshotter: skip plugin" type=io.containerd.snapshotter.v1
time="2025-07-10T11:48:30.365416509+08:00" level=info msg="loading plugin \"io.containerd.snapshotter.v1.devmapper\"..." type=io.containerd.snapshotter.v1
time="2025-07-10T11:48:30.365424095+08:00" level=warning msg="failed to load plugin io.containerd.snapshotter.v1.devmapper" error="devmapper not configured"
time="2025-07-10T11:48:30.365428015+08:00" level=info msg="loading plugin \"io.containerd.snapshotter.v1.native\"..." type=io.containerd.snapshotter.v1
time="2025-07-10T11:48:30.365501617+08:00" level=info msg="loading plugin \"io.containerd.snapshotter.v1.overlayfs\"..." type=io.containerd.snapshotter.v1
time="2025-07-10T11:48:30.365583138+08:00" level=info msg="loading plugin \"io.containerd.snapshotter.v1.zfs\"..." type=io.containerd.snapshotter.v1
time="2025-07-10T11:48:30.365623777+08:00" level=info msg="skip loading plugin \"io.containerd.snapshotter.v1.zfs\"..." error="path /var/lib/docker/containerd/daemon/io.containerd.snapshotter.v1.zfs must be a zfs filesystem to be used with the zfs snapshotter: skip plugin" type=io.containerd.snapshotter.v1
time="2025-07-10T11:48:30.365628667+08:00" level=info msg="loading plugin \"io.containerd.metadata.v1.bolt\"..." type=io.containerd.metadata.v1
time="2025-07-10T11:48:30.365644480+08:00" level=warning msg="could not use snapshotter devmapper in metadata plugin" error="devmapper not configured"
time="2025-07-10T11:48:30.365648212+08:00" level=info msg="metadata content store policy set" policy=shared
time="2025-07-10T11:48:30.380707761+08:00" level=info msg="loading plugin \"io.containerd.differ.v1.walking\"..." type=io.containerd.differ.v1
time="2025-07-10T11:48:30.380720895+08:00" level=info msg="loading plugin \"io.containerd.gc.v1.scheduler\"..." type=io.containerd.gc.v1
time="2025-07-10T11:48:30.380738486+08:00" level=info msg="loading plugin \"io.containerd.service.v1.introspection-service\"..." type=io.containerd.service.v1
time="2025-07-10T11:48:30.380754028+08:00" level=info msg="loading plugin \"io.containerd.service.v1.containers-service\"..." type=io.containerd.service.v1
time="2025-07-10T11:48:30.380760035+08:00" level=info msg="loading plugin \"io.containerd.service.v1.content-service\"..." type=io.containerd.service.v1
time="2025-07-10T11:48:30.380765032+08:00" level=info msg="loading plugin \"io.containerd.service.v1.diff-service\"..." type=io.containerd.service.v1
time="2025-07-10T11:48:30.380770083+08:00" level=info msg="loading plugin \"io.containerd.service.v1.images-service\"..." type=io.containerd.service.v1
time="2025-07-10T11:48:30.380775095+08:00" level=info msg="loading plugin \"io.containerd.service.v1.leases-service\"..." type=io.containerd.service.v1
time="2025-07-10T11:48:30.380780746+08:00" level=info msg="loading plugin \"io.containerd.service.v1.namespaces-service\"..." type=io.containerd.service.v1
time="2025-07-10T11:48:30.380788779+08:00" level=info msg="loading plugin \"io.containerd.service.v1.snapshots-service\"..." type=io.containerd.service.v1
time="2025-07-10T11:48:30.380795244+08:00" level=info msg="loading plugin \"io.containerd.runtime.v1.linux\"..." type=io.containerd.runtime.v1
time="2025-07-10T11:48:30.380853653+08:00" level=info msg="loading plugin \"io.containerd.runtime.v2.task\"..." type=io.containerd.runtime.v2
time="2025-07-10T11:48:30.380886009+08:00" level=info msg="loading plugin \"io.containerd.monitor.v1.cgroups\"..." type=io.containerd.monitor.v1
time="2025-07-10T11:48:30.381010305+08:00" level=info msg="loading plugin \"io.containerd.service.v1.tasks-service\"..." type=io.containerd.service.v1
time="2025-07-10T11:48:30.381018762+08:00" level=info msg="loading plugin \"io.containerd.internal.v1.restart\"..." type=io.containerd.internal.v1
time="2025-07-10T11:48:30.381039752+08:00" level=info msg="loading plugin \"io.containerd.grpc.v1.containers\"..." type=io.containerd.grpc.v1
time="2025-07-10T11:48:30.381044909+08:00" level=info msg="loading plugin \"io.containerd.grpc.v1.content\"..." type=io.containerd.grpc.v1
time="2025-07-10T11:48:30.381049984+08:00" level=info msg="loading plugin \"io.containerd.grpc.v1.diff\"..." type=io.containerd.grpc.v1
time="2025-07-10T11:48:30.381055338+08:00" level=info msg="loading plugin \"io.containerd.grpc.v1.events\"..." type=io.containerd.grpc.v1
time="2025-07-10T11:48:30.381061602+08:00" level=info msg="loading plugin \"io.containerd.grpc.v1.healthcheck\"..." type=io.containerd.grpc.v1
time="2025-07-10T11:48:30.381068431+08:00" level=info msg="loading plugin \"io.containerd.grpc.v1.images\"..." type=io.containerd.grpc.v1
time="2025-07-10T11:48:30.381073889+08:00" level=info msg="loading plugin \"io.containerd.grpc.v1.leases\"..." type=io.containerd.grpc.v1
time="2025-07-10T11:48:30.381078646+08:00" level=info msg="loading plugin \"io.containerd.grpc.v1.namespaces\"..." type=io.containerd.grpc.v1
time="2025-07-10T11:48:30.381083211+08:00" level=info msg="loading plugin \"io.containerd.internal.v1.opt\"..." type=io.containerd.internal.v1
time="2025-07-10T11:48:30.381614153+08:00" level=info msg="loading plugin \"io.containerd.grpc.v1.snapshots\"..." type=io.containerd.grpc.v1
time="2025-07-10T11:48:30.381621015+08:00" level=info msg="loading plugin \"io.containerd.grpc.v1.tasks\"..." type=io.containerd.grpc.v1
time="2025-07-10T11:48:30.381625955+08:00" level=info msg="loading plugin \"io.containerd.grpc.v1.version\"..." type=io.containerd.grpc.v1
time="2025-07-10T11:48:30.381629972+08:00" level=info msg="loading plugin \"io.containerd.grpc.v1.introspection\"..." type=io.containerd.grpc.v1
time="2025-07-10T11:48:30.381890089+08:00" level=info msg=serving... address=/var/run/docker/containerd/containerd-debug.sock
time="2025-07-10T11:48:30.381905859+08:00" level=info msg=serving... address=/var/run/docker/containerd/containerd.sock.ttrpc
time="2025-07-10T11:48:30.381917655+08:00" level=info msg=serving... address=/var/run/docker/containerd/containerd.sock
time="2025-07-10T11:48:30.381925450+08:00" level=info msg="containerd successfully booted in 0.028529s"
Starting docker...
time="2025-07-10T11:48:40.360653564+08:00" level=info msg="Starting up"
time="2025-07-10T11:48:40.360865110+08:00" level=warning msg="Binding to IP address without --tlsverify is insecure and gives root access on this machine to everyone who has access to your network." host="tcp://127.0.0.1:2375"
time="2025-07-10T11:48:40.360871173+08:00" level=warning msg="Binding to an IP address, even on localhost, can also give access to scripts run in a browser. Be safe out there!" host="tcp://127.0.0.1:2375"
time="2025-07-10T11:48:41.362490802+08:00" level=info msg="parsed scheme: \"unix\"" module=grpc
time="2025-07-10T11:48:41.362503030+08:00" level=info msg="scheme \"unix\" not registered, fallback to default scheme" module=grpc
time="2025-07-10T11:48:41.362514745+08:00" level=info msg="ccResolverWrapper: sending update to cc: {[{unix:///var/run/docker/containerd/containerd.sock  <nil> 0 <nil>}] <nil> <nil>}" module=grpc
time="2025-07-10T11:48:41.362519371+08:00" level=info msg="ClientConn switching balancer to \"pick_first\"" module=grpc
time="2025-07-10T11:48:41.363141453+08:00" level=info msg="parsed scheme: \"unix\"" module=grpc
time="2025-07-10T11:48:41.363149387+08:00" level=info msg="scheme \"unix\" not registered, fallback to default scheme" module=grpc
time="2025-07-10T11:48:41.363157392+08:00" level=info msg="ccResolverWrapper: sending update to cc: {[{unix:///var/run/docker/containerd/containerd.sock  <nil> 0 <nil>}] <nil> <nil>}" module=grpc
time="2025-07-10T11:48:41.363160751+08:00" level=info msg="ClientConn switching balancer to \"pick_first\"" module=grpc
time="2025-07-10T11:48:41.433470105+08:00" level=info msg="Loading containers: start."
time="2025-07-10T11:48:41.569717564+08:00" level=info msg="Default bridge (docker0) is assigned with an IP address 172.17.0.0/16. Daemon option --bip can be used to set a preferred IP address"
time="2025-07-10T11:48:41.664754647+08:00" level=info msg="Loading containers: done."
time="2025-07-10T11:48:41.689068245+08:00" level=info msg="Docker daemon" commit=8296f90 graphdriver(s)=overlay2 version=20.10.23
time="2025-07-10T11:48:41.689119771+08:00" level=info msg="Daemon has completed initialization"
time="2025-07-10T11:48:41.733336800+08:00" level=info msg="API listen on /var/run/docker.sock"
time="2025-07-10T11:48:41.734952741+08:00" level=info msg="API listen on 127.0.0.1:2375"
Loaded image: registry:2.5.2
time="2025-07-10T11:48:42.520656346+08:00" level=info msg="Processing signal 'interrupt'"
time="2025-07-10T11:48:42.520932836+08:00" level=info msg="stopping event stream following graceful shutdown" error="<nil>" module=libcontainerd namespace=moby
time="2025-07-10T11:48:42.520987446+08:00" level=info msg="Daemon shutdown complete"
Exiting with code 0
